0 info it worked if it ends with ok
1 verbose cli [ '/home/jcyu/n/bin/node',
1 verbose cli   '/home/jcyu/n/bin/npm',
1 verbose cli   'run-script',
1 verbose cli   'debug',
1 verbose cli   '--page=home' ]
2 info using npm@3.10.10
3 info using node@v6.9.5
4 verbose run-script [ 'predebug', 'debug', 'postdebug' ]
5 info lifecycle sgn-cli@1.0.0~predebug: sgn-cli@1.0.0
6 silly lifecycle sgn-cli@1.0.0~predebug: no script for predebug, continuing
7 info lifecycle sgn-cli@1.0.0~debug: sgn-cli@1.0.0
8 verbose lifecycle sgn-cli@1.0.0~debug: unsafe-perm in lifecycle true
9 verbose lifecycle sgn-cli@1.0.0~debug: PATH: /home/jcyu/n/lib/node_modules/npm/bin/node-gyp-bin:/home/jcyu/Projects/experiment/sgn-cli/node_modules/.bin:/home/jcyu/bin:/home/jcyu/.local/bin:/home/jcyu/n/bin:/usr/java/jdk1.8.0_121/bin:/usr/java/jdk1.8.0_121/jre/bin:/home/jcyu/bin:/home/jcyu/.local/bin:/home/jcyu/n/bin:/usr/java/jdk1.8.0_121/bin:/usr/java/jdk1.8.0_121/jre/bin:/usr/local/sbin:/usr/local/bin:/usr/sbin:/usr/bin:/sbin:/bin:/usr/games:/usr/local/games:/snap/bin:/snap/bin
10 verbose lifecycle sgn-cli@1.0.0~debug: CWD: /home/jcyu/Projects/experiment/sgn-cli
11 silly lifecycle sgn-cli@1.0.0~debug: Args: [ '-c',
11 silly lifecycle   'node --nolazy --debug-brk=5858 ./bundles/sgn-build.js --page=home' ]
12 silly lifecycle sgn-cli@1.0.0~debug: Returned: code: 1  signal: null
13 info lifecycle sgn-cli@1.0.0~debug: Failed to exec debug script
14 verbose stack Error: sgn-cli@1.0.0 debug: `node --nolazy --debug-brk=5858 ./bundles/sgn-build.js --page=home`
14 verbose stack Exit status 1
14 verbose stack     at EventEmitter.<anonymous> (/home/jcyu/n/lib/node_modules/npm/lib/utils/lifecycle.js:255:16)
14 verbose stack     at emitTwo (events.js:106:13)
14 verbose stack     at EventEmitter.emit (events.js:191:7)
14 verbose stack     at ChildProcess.<anonymous> (/home/jcyu/n/lib/node_modules/npm/lib/utils/spawn.js:40:14)
14 verbose stack     at emitTwo (events.js:106:13)
14 verbose stack     at ChildProcess.emit (events.js:191:7)
14 verbose stack     at maybeClose (internal/child_process.js:877:16)
14 verbose stack     at Process.ChildProcess._handle.onexit (internal/child_process.js:226:5)
15 verbose pkgid sgn-cli@1.0.0
16 verbose cwd /home/jcyu/Projects/experiment/sgn-cli
17 error Linux 4.8.0-39-generic
18 error argv "/home/jcyu/n/bin/node" "/home/jcyu/n/bin/npm" "run-script" "debug" "--page=home"
19 error node v6.9.5
20 error npm  v3.10.10
21 error code ELIFECYCLE
22 error sgn-cli@1.0.0 debug: `node --nolazy --debug-brk=5858 ./bundles/sgn-build.js --page=home`
22 error Exit status 1
23 error Failed at the sgn-cli@1.0.0 debug script 'node --nolazy --debug-brk=5858 ./bundles/sgn-build.js --page=home'.
23 error Make sure you have the latest version of node.js and npm installed.
23 error If you do, this is most likely a problem with the sgn-cli package,
23 error not with npm itself.
23 error Tell the author that this fails on your system:
23 error     node --nolazy --debug-brk=5858 ./bundles/sgn-build.js --page=home
23 error You can get information on how to open an issue for this project with:
23 error     npm bugs sgn-cli
23 error Or if that isn't available, you can get their info via:
23 error     npm owner ls sgn-cli
23 error There is likely additional logging output above.
24 verbose exit [ 1, true ]
